c:\users\nenns\source\repos\gestenerkennung\depthvideocs\dsbridge\release\vc141.pdb
c:\users\nenns\source\repos\gestenerkennung\depthvideocs\dsbridge\release\assemblyinfo.obj
c:\users\nenns\source\repos\gestenerkennung\depthvideocs\dsbridge\release\dsbridge.obj
c:\users\nenns\source\repos\gestenerkennung\depthvideocs\dsbridge\release\.netframework,version=v4.0.assemblyattributes.obj
c:\users\nenns\source\repos\gestenerkennung\depthvideocs\dsbridge\release\.netframework,version=v4.0.assemblyattributes.asm
c:\users\nenns\source\repos\gestenerkennung\depthvideocs\depthvideocs\bin\release\dsbridge.dll
c:\users\nenns\source\repos\gestenerkennung\depthvideocs\depthvideocs\bin\release\dsbridge.pdb
c:\users\nenns\source\repos\gestenerkennung\depthvideocs\dsbridge\release\app.res
c:\users\nenns\documents\github\gestenerkennung\gestenerkennung\gestenerkennung\depthvideocs\dsbridge\release\dsbridge.vcxprojresolveassemblyreference.cache
c:\users\nenns\documents\github\gestenerkennung\gestenerkennung\gestenerkennung\depthvideocs\dsbridge\release\.netframework,version=v4.0.assemblyattributes.obj
c:\users\nenns\documents\github\gestenerkennung\gestenerkennung\gestenerkennung\depthvideocs\dsbridge\release\assemblyinfo.obj
c:\users\nenns\documents\github\gestenerkennung\gestenerkennung\gestenerkennung\depthvideocs\dsbridge\release\dsbridge.obj
c:\users\nenns\documents\github\gestenerkennung\gestenerkennung\gestenerkennung\depthvideocs\dsbridge\release\app.res
c:\users\nenns\documents\github\gestenerkennung\gestenerkennung\gestenerkennung\depthvideocs\dsbridge\release\vc141.pdb
c:\users\nenns\documents\github\gestenerkennung\gestenerkennung\gestenerkennung\depthvideocs\dsbridge\..\depthvideocs\bin\release\dsbridge.dll
c:\users\nenns\documents\github\gestenerkennung\gestenerkennung\gestenerkennung\depthvideocs\dsbridge\release\dsbridge.tlog\cl.command.1.tlog
c:\users\nenns\documents\github\gestenerkennung\gestenerkennung\gestenerkennung\depthvideocs\dsbridge\release\dsbridge.tlog\cl.read.1.tlog
c:\users\nenns\documents\github\gestenerkennung\gestenerkennung\gestenerkennung\depthvideocs\dsbridge\release\dsbridge.tlog\cl.write.1.tlog
c:\users\nenns\documents\github\gestenerkennung\gestenerkennung\gestenerkennung\depthvideocs\dsbridge\release\dsbridge.tlog\link.command.1.tlog
c:\users\nenns\documents\github\gestenerkennung\gestenerkennung\gestenerkennung\depthvideocs\dsbridge\release\dsbridge.tlog\link.read.1.tlog
c:\users\nenns\documents\github\gestenerkennung\gestenerkennung\gestenerkennung\depthvideocs\dsbridge\release\dsbridge.tlog\link.write.1.tlog
c:\users\nenns\documents\github\gestenerkennung\gestenerkennung\gestenerkennung\depthvideocs\dsbridge\release\dsbridge.tlog\metagen.read.1.tlog
c:\users\nenns\documents\github\gestenerkennung\gestenerkennung\gestenerkennung\depthvideocs\dsbridge\release\dsbridge.tlog\metagen.write.1.tlog
c:\users\nenns\documents\github\gestenerkennung\gestenerkennung\gestenerkennung\depthvideocs\dsbridge\release\dsbridge.tlog\rc.command.1.tlog
c:\users\nenns\documents\github\gestenerkennung\gestenerkennung\gestenerkennung\depthvideocs\dsbridge\release\dsbridge.tlog\rc.read.1.tlog
c:\users\nenns\documents\github\gestenerkennung\gestenerkennung\gestenerkennung\depthvideocs\dsbridge\release\dsbridge.tlog\rc.write.1.tlog
c:\users\nenns\documents\github\gestenerkennung\gestenerkennung\gestenerkennung\depthvideocs\dsbridge\release\dsbridge.tlog\tzres.dll.bi
