C:\Users\nenns\Desktop\aktuelle Version-20180122T122101Z-001\aktuelle Version\depthVideoCS\Debug\DSBridge.dll
C:\Users\nenns\Desktop\aktuelle Version-20180122T122101Z-001\aktuelle Version\depthVideoCS\Debug\DSBridge.ilk
C:\Users\nenns\Desktop\aktuelle Version-20180122T122101Z-001\aktuelle Version\depthVideoCS\Debug\DSBridge.pdb
C:\Users\nenns\Desktop\aktuelle Version-20180122T122101Z-001\aktuelle Version\depthVideoCS\DSBridge\Debug\_NETFramework,Version=v4.0.AssemblyAttributes.obj
C:\Users\nenns\Desktop\aktuelle Version-20180122T122101Z-001\aktuelle Version\depthVideoCS\DSBridge\Debug\app.res
C:\Users\nenns\Desktop\aktuelle Version-20180122T122101Z-001\aktuelle Version\depthVideoCS\DSBridge\Debug\AssemblyInfo.obj
C:\Users\nenns\Desktop\aktuelle Version-20180122T122101Z-001\aktuelle Version\depthVideoCS\DSBridge\Debug\cl.command.1.tlog
C:\Users\nenns\Desktop\aktuelle Version-20180122T122101Z-001\aktuelle Version\depthVideoCS\DSBridge\Debug\CL.read.1.tlog
C:\Users\nenns\Desktop\aktuelle Version-20180122T122101Z-001\aktuelle Version\depthVideoCS\DSBridge\Debug\CL.write.1.tlog
C:\Users\nenns\Desktop\aktuelle Version-20180122T122101Z-001\aktuelle Version\depthVideoCS\DSBridge\Debug\DSBridge.dll.intermediate.manifest.xml
C:\Users\nenns\Desktop\aktuelle Version-20180122T122101Z-001\aktuelle Version\depthVideoCS\DSBridge\Debug\DSBridge.obj
C:\Users\nenns\Desktop\aktuelle Version-20180122T122101Z-001\aktuelle Version\depthVideoCS\DSBridge\Debug\link.8196.read.1.tlog
C:\Users\nenns\Desktop\aktuelle Version-20180122T122101Z-001\aktuelle Version\depthVideoCS\DSBridge\Debug\link.8196.write.1.tlog
C:\Users\nenns\Desktop\aktuelle Version-20180122T122101Z-001\aktuelle Version\depthVideoCS\DSBridge\Debug\link.8196-cvtres.read.1.tlog
C:\Users\nenns\Desktop\aktuelle Version-20180122T122101Z-001\aktuelle Version\depthVideoCS\DSBridge\Debug\link.8196-cvtres.write.1.tlog
C:\Users\nenns\Desktop\aktuelle Version-20180122T122101Z-001\aktuelle Version\depthVideoCS\DSBridge\Debug\link.command.1.tlog
C:\Users\nenns\Desktop\aktuelle Version-20180122T122101Z-001\aktuelle Version\depthVideoCS\DSBridge\Debug\link.read.1.tlog
C:\Users\nenns\Desktop\aktuelle Version-20180122T122101Z-001\aktuelle Version\depthVideoCS\DSBridge\Debug\link.write.1.tlog
C:\Users\nenns\Desktop\aktuelle Version-20180122T122101Z-001\aktuelle Version\depthVideoCS\DSBridge\Debug\mt.command.1.tlog
C:\Users\nenns\Desktop\aktuelle Version-20180122T122101Z-001\aktuelle Version\depthVideoCS\DSBridge\Debug\mt.read.1.tlog
C:\Users\nenns\Desktop\aktuelle Version-20180122T122101Z-001\aktuelle Version\depthVideoCS\DSBridge\Debug\mt.write.1.tlog
C:\Users\nenns\Desktop\aktuelle Version-20180122T122101Z-001\aktuelle Version\depthVideoCS\DSBridge\Debug\rc.command.1.tlog
C:\Users\nenns\Desktop\aktuelle Version-20180122T122101Z-001\aktuelle Version\depthVideoCS\DSBridge\Debug\rc.read.1.tlog
C:\Users\nenns\Desktop\aktuelle Version-20180122T122101Z-001\aktuelle Version\depthVideoCS\DSBridge\Debug\rc.write.1.tlog
C:\Users\nenns\Desktop\aktuelle Version-20180122T122101Z-001\aktuelle Version\depthVideoCS\DSBridge\Debug\vc100.pdb
C:\USERS\NENNS\DESKTOP\DEPTHVIDEOCS\DEBUG\DSBRIDGE.DLL
C:\USERS\NENNS\DESKTOP\DEPTHVIDEOCS\DEBUG\DSBRIDGE.ILK
C:\USERS\NENNS\DESKTOP\DEPTHVIDEOCS\DEBUG\DSBRIDGE.PDB
C:\USERS\NENNS\DESKTOP\DEPTHVIDEOCS\DSBRIDGE\DEBUG\.NETFRAMEWORK,VERSION=V4.0.ASSEMBLYATTRIBUTES.OBJ
C:\USERS\NENNS\DESKTOP\DEPTHVIDEOCS\DSBRIDGE\DEBUG\APP.RES
C:\USERS\NENNS\DESKTOP\DEPTHVIDEOCS\DSBRIDGE\DEBUG\ASSEMBLYINFO.OBJ
C:\USERS\NENNS\DESKTOP\DEPTHVIDEOCS\DSBRIDGE\DEBUG\DSBRIDGE.DLL.INTERMEDIATE.MANIFEST
C:\USERS\NENNS\DESKTOP\DEPTHVIDEOCS\DSBRIDGE\DEBUG\DSBRIDGE.OBJ
C:\USERS\NENNS\DESKTOP\DEPTHVIDEOCS\DSBRIDGE\DEBUG\VC100.PDB
